[debug] [2023-03-02T00:57:10.905Z] ----------------------------------------------------------------------
[debug] [2023-03-02T00:57:10.907Z] Command:       /usr/local/bin/node /usr/local/bin/firebase init
[debug] [2023-03-02T00:57:10.908Z] CLI Version:   11.24.0
[debug] [2023-03-02T00:57:10.908Z] Platform:      linux
[debug] [2023-03-02T00:57:10.908Z] Node Version:  v16.18.0
[debug] [2023-03-02T00:57:10.908Z] Time:          Thu Mar 02 2023 00:57:10 GMT+0000 (heure moyenne de Greenwich)
[debug] [2023-03-02T00:57:10.909Z] ----------------------------------------------------------------------
[debug] 
[debug] [2023-03-02T00:57:10.915Z] > command requires scopes: ["email","openid","https://www.googleapis.com/auth/cloudplatformprojects.readonly","https://www.googleapis.com/auth/firebase","https://www.googleapis.com/auth/cloud-platform"]
[debug] [2023-03-02T00:57:10.916Z] > authorizing via signed-in user (mouhamedfall1@esp.sn)
[info] 
     ######## #### ########  ######## ########     ###     ######  ########
     ##        ##  ##     ## ##       ##     ##  ##   ##  ##       ##
     ######    ##  ########  ######   ########  #########  ######  ######
     ##        ##  ##    ##  ##       ##     ## ##     ##       ## ##
     ##       #### ##     ## ######## ########  ##     ##  ######  ########

You're about to initialize a Firebase project in this directory:

  /home/mfdev/Documents/codes/react/pokemon

[info] 
=== Project Setup
[info] 
[info] First, let's associate this project directory with a Firebase project.
[info] You can create multiple project aliases by running firebase use --add, 
[info] but for now we'll just set up a default project.
[info] 
[debug] [2023-03-02T00:59:00.189Z] >>> [apiv2][query] GET https://firebase.googleapis.com/v1beta1/projects pageSize=100
[debug] [2023-03-02T00:59:01.139Z] <<< [apiv2][status] GET https://firebase.googleapis.com/v1beta1/projects 200
[debug] [2023-03-02T00:59:01.140Z] <<< [apiv2][body] GET https://firebase.googleapis.com/v1beta1/projects [omitted]
[info] i  Using project react-pokemon-mfdev (react-pokemon-mfdev) 
[info] 
=== Hosting Setup
[info] 
[info] Your public directory is the folder (relative to your project directory) that
[info] will contain Hosting assets to be uploaded with firebase deploy. If you
[info] have a build process for your assets, use your build's output directory.
[info] 
[debug] [2023-03-02T01:00:38.460Z] >>> [apiv2][query] GET https://www.gstatic.com/firebasejs/releases.json [none]
[debug] [2023-03-02T01:00:38.745Z] <<< [apiv2][status] GET https://www.gstatic.com/firebasejs/releases.json 200
[debug] [2023-03-02T01:00:38.746Z] <<< [apiv2][body] GET https://www.gstatic.com/firebasejs/releases.json {"current":{"version":"9.17.1","browserURL":"https://www.gstatic.com/firebasejs/9.17.1/firebase.js","packageURL":"https://www.gstatic.com/firebasejs/9.17.1/firebase.tgz"},"live":{"version":"9.17","browserURL":"https://www.gstatic.com/firebasejs/live/9.17/firebase.js","packageURL":"https://www.gstatic.com/firebasejs/live/9.17/firebase.tgz"},"components":{"analytics":"https://www.gstatic.com/firebasejs/9.17.1/firebase-analytics.js","app":"https://www.gstatic.com/firebasejs/9.17.1/firebase-app.js","app-check":"https://www.gstatic.com/firebasejs/9.17.1/firebase-app-check.js","auth":"https://www.gstatic.com/firebasejs/9.17.1/firebase-auth.js","auth/cordova":"https://www.gstatic.com/firebasejs/9.17.1/firebase-auth/cordova.js","auth/react-native":"https://www.gstatic.com/firebasejs/9.17.1/firebase-auth/react-native.js","functions":"https://www.gstatic.com/firebasejs/9.17.1/firebase-functions.js","firestore":"https://www.gstatic.com/firebasejs/9.17.1/firebase-firestore.js","firestore/lite":"https://www.gstatic.com/firebasejs/9.17.1/firebase-firestore/lite.js","installations":"https://www.gstatic.com/firebasejs/9.17.1/firebase-installations.js","storage":"https://www.gstatic.com/firebasejs/9.17.1/firebase-storage.js","performance":"https://www.gstatic.com/firebasejs/9.17.1/firebase-performance.js","remote-config":"https://www.gstatic.com/firebasejs/9.17.1/firebase-remote-config.js","messaging":"https://www.gstatic.com/firebasejs/9.17.1/firebase-messaging.js","messaging/sw":"https://www.gstatic.com/firebasejs/9.17.1/firebase-messaging/sw.js","database":"https://www.gstatic.com/firebasejs/9.17.1/firebase-database.js","firestore.memory":"https://www.gstatic.com/firebasejs/9.17.1/firebase-firestore.memory.js"}}
[info] i  Skipping write of build/index.html 
[info] 
[info] i  Detected a .git folder at /home/mfdev/Documents/codes/react/pokemon 
[info] i  Authorizing with GitHub to upload your service account to a GitHub repository's secrets store. 
[info] 
[info] Visit this URL on this device to log in:
[info] https://github.com/login/oauth/authorize?client_id=89cf50f02ac6aaed3484&state=325796985&redirect_uri=http%3A%2F%2Flocalhost%3A9005&scope=read%3Auser%20repo%20public_repo
[info] 
[info] Waiting for authentication...
[debug] [2023-03-02T01:01:35.768Z] >>> [apiv2][query] POST https://github.com/login/oauth/access_token [none]
[debug] [2023-03-02T01:01:35.771Z] >>> [apiv2][body] POST https://github.com/login/oauth/access_token [stream]
[debug] [2023-03-02T01:01:36.356Z] <<< [apiv2][status] POST https://github.com/login/oauth/access_token 200
[debug] [2023-03-02T01:01:36.356Z] <<< [apiv2][body] POST https://github.com/login/oauth/access_token {"access_token":"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","token_type":"bearer","scope":"read:user,repo"}
[debug] [2023-03-02T01:01:36.377Z] >>> [apiv2][query] GET https://api.github.com/user [none]
[debug] [2023-03-02T01:01:36.970Z] <<< [apiv2][status] GET https://api.github.com/user 200
[debug] [2023-03-02T01:01:36.971Z] <<< [apiv2][body] GET https://api.github.com/user {"login":"mfdev-solution","id":75241749,"node_id":"MDQ6VXNlcjc1MjQxNzQ5","avatar_url":"https://avatars.githubusercontent.com/u/75241749?v=4","gravatar_id":"","url":"https://api.github.com/users/mfdev-solution","html_url":"https://github.com/mfdev-solution","followers_url":"https://api.github.com/users/mfdev-solution/followers","following_url":"https://api.github.com/users/mfdev-solution/following{/other_user}","gists_url":"https://api.github.com/users/mfdev-solution/gists{/gist_id}","starred_url":"https://api.github.com/users/mfdev-solution/starred{/owner}{/repo}","subscriptions_url":"https://api.github.com/users/mfdev-solution/subscriptions","organizations_url":"https://api.github.com/users/mfdev-solution/orgs","repos_url":"https://api.github.com/users/mfdev-solution/repos","events_url":"https://api.github.com/users/mfdev-solution/events{/privacy}","received_events_url":"https://api.github.com/users/mfdev-solution/received_events","type":"User","site_admin":false,"name":"Mouhamed Fall","company":null,"blog":"","location":null,"email":null,"hireable":null,"bio":"I'm Mouhamed Fall, a student ingegner at ESP in the computer engineering department. ","twitter_username":null,"public_repos":28,"public_gists":0,"followers":1,"following":1,"created_at":"2020-11-30T07:27:37Z","updated_at":"2023-03-02T01:01:27Z","private_gists":5,"total_private_repos":30,"owned_private_repos":30,"disk_usage":145531,"collaborators":0,"two_factor_authentication":true,"plan":{"name":"free","space":976562499,"collaborators":0,"private_repos":10000}}
[info] 
[info] ✔  Success! Logged into GitHub as mfdev-solution 
[info] 
